#! /usr/bin/vvp
:ivl_version "10.1 (stable)";
:ivl_delay_selection "TYPICAL";
:vpi_time_precision - 12;
:vpi_module "system";
:vpi_module "vhdl_sys";
:vpi_module "v2005_math";
:vpi_module "va_math";
S_0x5597c3818500 .scope module, "compute_module" "compute_module" 2 15;
 .timescale -9 -12;
    .port_info 0 /INPUT 1 "clk"
    .port_info 1 /INPUT 1 "rst"
    .port_info 2 /INPUT 1 "start_compute"
    .port_info 3 /OUTPUT 1 "compute_finish"
    .port_info 4 /INOUT 20 "w_addr"
    .port_info 5 /INOUT 1 "w_data"
    .port_info 6 /INOUT 2 "w_sel"
    .port_info 7 /INOUT 2 "w_rw"
    .port_info 8 /INOUT 10 "x_addr"
    .port_info 9 /INOUT 1 "x_data"
    .port_info 10 /INOUT 2 "x_sel"
    .port_info 11 /INOUT 2 "x_rw"
P_0x5597c381c180 .param/l "W_ADDR_LEN" 0 2 17, +C4<00000000000000000000000000010100>;
P_0x5597c381c1c0 .param/l "W_DATA_LEN" 0 2 18, +C4<00000000000000000000000000000001>;
P_0x5597c381c200 .param/l "W_RW_LEN" 0 2 20, +C4<00000000000000000000000000000010>;
P_0x5597c381c240 .param/l "W_SEL_LEN" 0 2 19, +C4<00000000000000000000000000000010>;
P_0x5597c381c280 .param/l "X_ADDR_LEN" 0 2 21, +C4<00000000000000000000000000001010>;
P_0x5597c381c2c0 .param/l "X_DATA_LEN" 0 2 22, +C4<00000000000000000000000000000001>;
P_0x5597c381c300 .param/l "X_RW_LEN" 0 2 24, +C4<00000000000000000000000000000010>;
P_0x5597c381c340 .param/l "X_SEL_LEN" 0 2 23, +C4<00000000000000000000000000000010>;
P_0x5597c381c380 .param/l "alu_width" 0 2 26, +C4<00000000000000000000000000001100>;
L_0x5597c37ff6a0 .functor BUFZ 20, v0x5597c383c2e0_0, C4<00000000000000000000>, C4<00000000000000000000>, C4<00000000000000000000>;
L_0x5597c380efe0 .functor BUFZ 2, v0x5597c383c720_0, C4<00>, C4<00>, C4<00>;
L_0x5597c380dce0 .functor BUFZ 2, v0x5597c383c560_0, C4<00>, C4<00>, C4<00>;
L_0x5597c380a560 .functor BUFZ 10, v0x5597c383c3c0_0, C4<0000000000>, C4<0000000000>, C4<0000000000>;
L_0x5597c38079d0 .functor BUFZ 2, v0x5597c383c800_0, C4<00>, C4<00>, C4<00>;
L_0x5597c383d470 .functor BUFZ 2, v0x5597c383c640_0, C4<00>, C4<00>, C4<00>;
v0x5597c383bba0_0 .net "agg_out2alu", 11 0, v0x5597c383a990_0;  1 drivers
v0x5597c383bc80_0 .net "agg_out_acted", 0 0, v0x5597c383aa80_0;  1 drivers
L_0x7f876c449018 .functor BUFT 1, C4<1>, C4<0>, C4<0>, C4<0>;
v0x5597c383bd90_0 .net "calc_1", 0 0, L_0x7f876c449018;  1 drivers
o0x7f876c4920d8 .functor BUFZ 1, C4<z>; HiZ drive
v0x5597c383be80_0 .net "calc_clk", 0 0, o0x7f876c4920d8;  0 drivers
L_0x7f876c449060 .functor BUFT 1, C4<0>, C4<0>, C4<0>, C4<0>;
v0x5597c383bf70_0 .net "calc_in", 0 0, L_0x7f876c449060;  1 drivers
o0x7f876c492108 .functor BUFZ 1, C4<z>; HiZ drive
v0x5597c383c0b0_0 .net "calc_rst", 0 0, o0x7f876c492108;  0 drivers
o0x7f876c492498 .functor BUFZ 1, C4<z>; HiZ drive
v0x5597c383c1a0_0 .net "clk", 0 0, o0x7f876c492498;  0 drivers
v0x5597c383c240_0 .var "compute_finish", 0 0;
v0x5597c383c2e0_0 .var "load_weight_counter", 19 0;
v0x5597c383c3c0_0 .var "load_x_counter", 9 0;
o0x7f876c492558 .functor BUFZ 1, C4<z>; HiZ drive
v0x5597c383c4a0_0 .net "rst", 0 0, o0x7f876c492558;  0 drivers
v0x5597c383c560_0 .var "rw_w_reg", 1 0;
v0x5597c383c640_0 .var "rw_x_reg", 1 0;
v0x5597c383c720_0 .var "sel_weight_counter", 1 0;
v0x5597c383c800_0 .var "sel_x_counter", 1 0;
o0x7f876c492648 .functor BUFZ 1, C4<z>; HiZ drive
v0x5597c383c8e0_0 .net "start_compute", 0 0, o0x7f876c492648;  0 drivers
v0x5597c383c9a0_0 .net "w_addr", 19 0, L_0x5597c37ff6a0;  1 drivers
o0x7f876c4926a8 .functor BUFZ 1, C4<z>; HiZ drive
v0x5597c383cb90_0 .net "w_data", 0 0, o0x7f876c4926a8;  0 drivers
v0x5597c383cc70_0 .net "w_rw", 1 0, L_0x5597c380dce0;  1 drivers
v0x5597c383cd50_0 .net "w_sel", 1 0, L_0x5597c380efe0;  1 drivers
v0x5597c383ce30_0 .net "x_addr", 9 0, L_0x5597c380a560;  1 drivers
o0x7f876c492768 .functor BUFZ 1, C4<z>; HiZ drive
v0x5597c383cf10_0 .net "x_data", 0 0, o0x7f876c492768;  0 drivers
v0x5597c383cff0_0 .net "x_rw", 1 0, L_0x5597c383d470;  1 drivers
v0x5597c383d0d0_0 .net "x_sel", 1 0, L_0x5597c38079d0;  1 drivers
S_0x5597c38181b0 .scope module, "calc_i" "calc" 2 116, 3 17 0, S_0x5597c3818500;
 .timescale -9 -12;
    .port_info 0 /INPUT 1 "clk"
    .port_info 1 /INPUT 1 "rst"
    .port_info 2 /INPUT 1 "calc_1"
    .port_info 3 /INPUT 1 "calc_in"
    .port_info 4 /OUTPUT 12 "agg_out2alu"
    .port_info 5 /OUTPUT 1 "agg_out_acted"
P_0x5597c381b960 .param/l "agg_width" 0 3 53, +C4<00000000000000000000000000001100>;
P_0x5597c381b9a0 .param/l "alu_width" 0 3 31, +C4<00000000000000000000000000001100>;
v0x5597c383b590_0 .net "agg_out2alu", 11 0, v0x5597c383a990_0;  alias, 1 drivers
v0x5597c383b6c0_0 .net "agg_out_acted", 0 0, v0x5597c383aa80_0;  alias, 1 drivers
v0x5597c383b780_0 .net/s "alu_out", 11 0, v0x5597c383b3f0_0;  1 drivers
v0x5597c383b870_0 .net "calc_1", 0 0, L_0x7f876c449018;  alias, 1 drivers
v0x5597c383b910_0 .net "calc_in", 0 0, L_0x7f876c449060;  alias, 1 drivers
v0x5597c383ba00_0 .net "clk", 0 0, o0x7f876c4920d8;  alias, 0 drivers
v0x5597c383bad0_0 .net "rst", 0 0, o0x7f876c492108;  alias, 0 drivers
S_0x5597c3817e60 .scope module, "u_agg" "agg" 3 66, 4 13 0, S_0x5597c38181b0;
 .timescale -9 -12;
    .port_info 0 /INPUT 1 "clk"
    .port_info 1 /INPUT 1 "rst"
    .port_info 2 /INPUT 12 "agg_in"
    .port_info 3 /OUTPUT 12 "agg_out2alu"
    .port_info 4 /OUTPUT 1 "agg_out_acted"
P_0x5597c38128b0 .param/l "agg_width" 0 4 14, +C4<00000000000000000000000000001100>;
v0x5597c38139e0_0 .net "agg_in", 11 0, v0x5597c383b3f0_0;  alias, 1 drivers
v0x5597c383a8d0_0 .net "agg_msb", 0 0, L_0x5597c383d5f0;  1 drivers
v0x5597c383a990_0 .var "agg_out2alu", 11 0;
v0x5597c383aa80_0 .var "agg_out_acted", 0 0;
v0x5597c383ab40_0 .net "clk", 0 0, o0x7f876c4920d8;  alias, 0 drivers
v0x5597c383ac50_0 .net "rst", 0 0, o0x7f876c492108;  alias, 0 drivers
E_0x5597c3819110 .event posedge, v0x5597c383ac50_0, v0x5597c383ab40_0;
L_0x5597c383d5f0 .part v0x5597c383b3f0_0, 11, 1;
S_0x5597c383adb0 .scope module, "u_alu" "alu" 3 43, 5 16 0, S_0x5597c38181b0;
 .timescale -9 -12;
    .port_info 0 /INPUT 1 "alu_in_a_lsb"
    .port_info 1 /INPUT 1 "alu_op"
    .port_info 2 /INPUT 12 "alu_in_b"
    .port_info 3 /OUTPUT 12 "alu_out"
P_0x5597c383afa0 .param/l "alu_width" 0 5 17, +C4<00000000000000000000000000001100>;
L_0x5597c383d580 .functor BUFZ 12, v0x5597c383a990_0, C4<000000000000>, C4<000000000000>, C4<000000000000>;
v0x5597c383b090_0 .net "alu_b", 11 0, L_0x5597c383d580;  1 drivers
v0x5597c383b190_0 .net "alu_in_a_lsb", 0 0, L_0x7f876c449018;  alias, 1 drivers
v0x5597c383b250_0 .net "alu_in_b", 11 0, v0x5597c383a990_0;  alias, 1 drivers
v0x5597c383b350_0 .net "alu_op", 0 0, L_0x7f876c449060;  alias, 1 drivers
v0x5597c383b3f0_0 .var/s "alu_out", 11 0;
E_0x5597c381af20 .event edge, v0x5597c383b350_0, v0x5597c383b090_0, v0x5597c383b190_0;
    .scope S_0x5597c383adb0;
T_0 ;
    %wait E_0x5597c381af20;
    %load/vec4 v0x5597c383b350_0;
    %dup/vec4;
    %pushi/vec4 0, 0, 1;
    %cmp/u;
    %jmp/1 T_0.0, 6;
    %dup/vec4;
    %pushi/vec4 1, 0, 1;
    %cmp/u;
    %jmp/1 T_0.1, 6;
    %pushi/vec4 0, 0, 12;
    %store/vec4 v0x5597c383b3f0_0, 0, 12;
    %jmp T_0.3;
T_0.0 ;
    %load/vec4 v0x5597c383b090_0;
    %load/vec4 v0x5597c383b190_0;
    %pad/u 12;
    %add;
    %store/vec4 v0x5597c383b3f0_0, 0, 12;
    %jmp T_0.3;
T_0.1 ;
    %load/vec4 v0x5597c383b090_0;
    %load/vec4 v0x5597c383b190_0;
    %pad/u 12;
    %sub;
    %store/vec4 v0x5597c383b3f0_0, 0, 12;
    %jmp T_0.3;
T_0.3 ;
    %pop/vec4 1;
    %jmp T_0;
    .thread T_0, $push;
    .scope S_0x5597c3817e60;
T_1 ;
    %wait E_0x5597c3819110;
    %load/vec4 v0x5597c383ac50_0;
    %pad/u 32;
    %cmpi/e 1, 0, 32;
    %jmp/0xz  T_1.0, 4;
    %pushi/vec4 0, 0, 12;
    %assign/vec4 v0x5597c383a990_0, 0;
    %jmp T_1.1;
T_1.0 ;
    %load/vec4 v0x5597c38139e0_0;
    %xor/r;
    %cmpi/e 1, 1, 1;
    %flag_mov 8, 6;
    %jmp/0 T_1.2, 8;
    %pushi/vec4 0, 0, 12;
    %jmp/1 T_1.3, 8;
T_1.2 ; End of true expr.
    %load/vec4 v0x5597c38139e0_0;
    %jmp/0 T_1.3, 8;
 ; End of false expr.
    %blend;
T_1.3;
    %assign/vec4 v0x5597c383a990_0, 0;
    %load/vec4 v0x5597c383a8d0_0;
    %inv;
    %assign/vec4 v0x5597c383aa80_0, 0;
T_1.1 ;
    %jmp T_1;
    .thread T_1;
# The file index is used to find the file name in the following table.
:file_names 6;
    "N/A";
    "<interactive>";
    "compute_module.v";
    "calc.v";
    "./agg.v";
    "./alu.v";
